Determining if the pthread_create exist failed with the following output:
Change Dir: /home/piai/catkin_ws/build/CMakeFiles/CMakeTmp

Run Build Command:"/usr/bin/make" "cmTC_1b176/fast"
/usr/bin/make -f CMakeFiles/cmTC_1b176.dir/build.make CMakeFiles/cmTC_1b176.dir/build
make[1]: 디렉터리 '/home/piai/catkin_ws/build/CMakeFiles/CMakeTmp' 들어감
Building C object CMakeFiles/cmTC_1b176.dir/CheckSymbolExists.c.o
/usr/bin/cc    -o CMakeFiles/cmTC_1b176.dir/CheckSymbolExists.c.o   -c /home/piai/catkin_ws/build/CMakeFiles/CMakeTmp/CheckSymbolExists.c
Linking C executable cmTC_1b176
/usr/bin/cmake -E cmake_link_script CMakeFiles/cmTC_1b176.dir/link.txt --verbose=1
/usr/bin/cc      -rdynamic CMakeFiles/cmTC_1b176.dir/CheckSymbolExists.c.o  -o cmTC_1b176 
CMakeFiles/cmTC_1b176.dir/CheckSymbolExists.c.o: In function `main':
CheckSymbolExists.c:(.text+0x1b): undefined reference to `pthread_create'
collect2: error: ld returned 1 exit status
CMakeFiles/cmTC_1b176.dir/build.make:97: recipe for target 'cmTC_1b176' failed
make[1]: *** [cmTC_1b176] Error 1
make[1]: 디렉터리 '/home/piai/catkin_ws/build/CMakeFiles/CMakeTmp' 나감
Makefile:126: recipe for target 'cmTC_1b176/fast' failed
make: *** [cmTC_1b176/fast] Error 2

File /home/piai/catkin_ws/build/CMakeFiles/CMakeTmp/CheckSymbolExists.c:
/* */
#include <pthread.h>

int main(int argc, char** argv)
{
  (void)argv;
#ifndef pthread_create
  return ((int*)(&pthread_create))[argc];
#else
  (void)argc;
  return 0;
#endif
}

Determining if the function pthread_create exists in the pthreads failed with the following output:
Change Dir: /home/piai/catkin_ws/build/CMakeFiles/CMakeTmp

Run Build Command:"/usr/bin/make" "cmTC_5abed/fast"
/usr/bin/make -f CMakeFiles/cmTC_5abed.dir/build.make CMakeFiles/cmTC_5abed.dir/build
make[1]: 디렉터리 '/home/piai/catkin_ws/build/CMakeFiles/CMakeTmp' 들어감
Building C object CMakeFiles/cmTC_5abed.dir/CheckFunctionExists.c.o
/usr/bin/cc   -DCHECK_FUNCTION_EXISTS=pthread_create   -o CMakeFiles/cmTC_5abed.dir/CheckFunctionExists.c.o   -c /usr/share/cmake-3.10/Modules/CheckFunctionExists.c
Linking C executable cmTC_5abed
/usr/bin/cmake -E cmake_link_script CMakeFiles/cmTC_5abed.dir/link.txt --verbose=1
/usr/bin/cc  -DCHECK_FUNCTION_EXISTS=pthread_create    -rdynamic CMakeFiles/cmTC_5abed.dir/CheckFunctionExists.c.o  -o cmTC_5abed -lpthreads 
/usr/bin/ld: cannot find -lpthreads
collect2: error: ld returned 1 exit status
CMakeFiles/cmTC_5abed.dir/build.make:97: recipe for target 'cmTC_5abed' failed
make[1]: *** [cmTC_5abed] Error 1
make[1]: 디렉터리 '/home/piai/catkin_ws/build/CMakeFiles/CMakeTmp' 나감
Makefile:126: recipe for target 'cmTC_5abed/fast' failed
make: *** [cmTC_5abed/fast] Error 2


